\BOOKMARK [1][-]{section.1}{\376\377\0001\000\040\000P\000B\000N\000\040\000A\000n\000a\000l\000y\000z\000e\000r\000\040\0002\000.\0001}{}% 1
\BOOKMARK [2][-]{subsection.1.1}{\376\377\0001\000.\0001\000\040\000I\000n\000t\000r\000o\000d\000u\000c\000t\000i\000o\000n}{section.1}% 2
\BOOKMARK [2][-]{subsection.1.2}{\376\377\0001\000.\0002\000\040\000C\000o\000m\000p\000i\000l\000a\000t\000i\000o\000n}{section.1}% 3
\BOOKMARK [2][-]{subsection.1.3}{\376\377\0001\000.\0003\000\040\000M\000a\000n\000n\000u\000a\000l}{section.1}% 4
\BOOKMARK [2][-]{subsection.1.4}{\376\377\0001\000.\0004\000\040\000D\000e\000v\000e\000l\000o\000p\000e\000r}{section.1}% 5
\BOOKMARK [2][-]{subsection.1.5}{\376\377\0001\000.\0005\000\040\000D\000e\000s\000i\000g\000n}{section.1}% 6
\BOOKMARK [1][-]{section.2}{\376\377\0002\000\040\000M\000o\000d\000u\000l\000e\000\040\000D\000o\000c\000u\000m\000e\000n\000t\000a\000t\000i\000o\000n}{}% 7
\BOOKMARK [2][-]{subsection.2.1}{\376\377\0002\000.\0001\000\040\000B\000a\000s\000i\000c\000\040\000M\000a\000t\000r\000i\000c\000e\000s}{section.2}% 8
\BOOKMARK [3][-]{subsubsection.2.1.1}{\376\377\0002\000.\0001\000.\0001\000\040\000D\000e\000t\000a\000i\000l\000e\000d\000\040\000D\000e\000s\000c\000r\000i\000p\000t\000i\000o\000n}{subsection.2.1}% 9
\BOOKMARK [2][-]{subsection.2.2}{\376\377\0002\000.\0002\000\040\000U\000s\000e\000r\000\040\000I\000n\000t\000e\000r\000a\000c\000t\000i\000o\000n}{section.2}% 10
\BOOKMARK [3][-]{subsubsection.2.2.1}{\376\377\0002\000.\0002\000.\0001\000\040\000D\000e\000t\000a\000i\000l\000e\000d\000\040\000D\000e\000s\000c\000r\000i\000p\000t\000i\000o\000n}{subsection.2.2}% 11
\BOOKMARK [1][-]{section.3}{\376\377\0003\000\040\000C\000l\000a\000s\000s\000\040\000D\000o\000c\000u\000m\000e\000n\000t\000a\000t\000i\000o\000n}{}% 12
\BOOKMARK [2][-]{subsection.3.1}{\376\377\0003\000.\0001\000\040\000A\000b\000s\000t\000r\000a\000c\000t\000M\000a\000t\000r\000i\000x\000\040\000C\000l\000a\000s\000s\000\040\000R\000e\000f\000e\000r\000e\000n\000c\000e}{section.3}% 13
\BOOKMARK [3][-]{subsubsection.3.1.1}{\376\377\0003\000.\0001\000.\0001\000\040\000D\000e\000t\000a\000i\000l\000e\000d\000\040\000D\000e\000s\000c\000r\000i\000p\000t\000i\000o\000n}{subsection.3.1}% 14
\BOOKMARK [3][-]{subsubsection.3.1.2}{\376\377\0003\000.\0001\000.\0002\000\040\000M\000e\000m\000b\000e\000r\000\040\000F\000u\000n\000c\000t\000i\000o\000n\000\040\000D\000o\000c\000u\000m\000e\000n\000t\000a\000t\000i\000o\000n}{subsection.3.1}% 15
\BOOKMARK [3][-]{subsubsection.3.1.3}{\376\377\0003\000.\0001\000.\0003\000\040\000M\000e\000m\000b\000e\000r\000\040\000D\000a\000t\000a\000\040\000D\000o\000c\000u\000m\000e\000n\000t\000a\000t\000i\000o\000n}{subsection.3.1}% 16
\BOOKMARK [2][-]{subsection.3.2}{\376\377\0003\000.\0002\000\040\000D\000i\000s\000p\000l\000a\000y\000e\000r\000:\000:\000D\000i\000s\000p\000l\000a\000y\000e\000r\000C\000l\000a\000s\000s\000\040\000C\000l\000a\000s\000s\000\040\000R\000e\000f\000e\000r\000e\000n\000c\000e}{section.3}% 17
\BOOKMARK [3][-]{subsubsection.3.2.1}{\376\377\0003\000.\0002\000.\0001\000\040\000D\000e\000t\000a\000i\000l\000e\000d\000\040\000D\000e\000s\000c\000r\000i\000p\000t\000i\000o\000n}{subsection.3.2}% 18
\BOOKMARK [3][-]{subsubsection.3.2.2}{\376\377\0003\000.\0002\000.\0002\000\040\000M\000e\000m\000b\000e\000r\000\040\000F\000u\000n\000c\000t\000i\000o\000n\000\040\000D\000o\000c\000u\000m\000e\000n\000t\000a\000t\000i\000o\000n}{subsection.3.2}% 19
\BOOKMARK [2][-]{subsection.3.3}{\376\377\0003\000.\0003\000\040\000F\000i\000l\000e\000C\000o\000o\000r\000d\000i\000n\000a\000t\000o\000r\000\040\000C\000l\000a\000s\000s\000\040\000R\000e\000f\000e\000r\000e\000n\000c\000e}{section.3}% 20
\BOOKMARK [3][-]{subsubsection.3.3.1}{\376\377\0003\000.\0003\000.\0001\000\040\000D\000e\000t\000a\000i\000l\000e\000d\000\040\000D\000e\000s\000c\000r\000i\000p\000t\000i\000o\000n}{subsection.3.3}% 21
\BOOKMARK [3][-]{subsubsection.3.3.2}{\376\377\0003\000.\0003\000.\0002\000\040\000M\000e\000m\000b\000e\000r\000\040\000E\000n\000u\000m\000e\000r\000a\000t\000i\000o\000n\000\040\000D\000o\000c\000u\000m\000e\000n\000t\000a\000t\000i\000o\000n}{subsection.3.3}% 22
\BOOKMARK [3][-]{subsubsection.3.3.3}{\376\377\0003\000.\0003\000.\0003\000\040\000M\000e\000m\000b\000e\000r\000\040\000F\000u\000n\000c\000t\000i\000o\000n\000\040\000D\000o\000c\000u\000m\000e\000n\000t\000a\000t\000i\000o\000n}{subsection.3.3}% 23
\BOOKMARK [2][-]{subsection.3.4}{\376\377\0003\000.\0004\000\040\000I\000n\000t\000e\000r\000a\000c\000t\000o\000r\000\040\000C\000l\000a\000s\000s\000\040\000R\000e\000f\000e\000r\000e\000n\000c\000e}{section.3}% 24
\BOOKMARK [3][-]{subsubsection.3.4.1}{\376\377\0003\000.\0004\000.\0001\000\040\000D\000e\000t\000a\000i\000l\000e\000d\000\040\000D\000e\000s\000c\000r\000i\000p\000t\000i\000o\000n}{subsection.3.4}% 25
\BOOKMARK [3][-]{subsubsection.3.4.2}{\376\377\0003\000.\0004\000.\0002\000\040\000M\000e\000m\000b\000e\000r\000\040\000F\000u\000n\000c\000t\000i\000o\000n\000\040\000D\000o\000c\000u\000m\000e\000n\000t\000a\000t\000i\000o\000n}{subsection.3.4}% 26
\BOOKMARK [2][-]{subsection.3.5}{\376\377\0003\000.\0005\000\040\000I\000t\000e\000r\000a\000t\000o\000r\000\040\000C\000l\000a\000s\000s\000\040\000R\000e\000f\000e\000r\000e\000n\000c\000e}{section.3}% 27
\BOOKMARK [3][-]{subsubsection.3.5.1}{\376\377\0003\000.\0005\000.\0001\000\040\000D\000e\000t\000a\000i\000l\000e\000d\000\040\000D\000e\000s\000c\000r\000i\000p\000t\000i\000o\000n}{subsection.3.5}% 28
\BOOKMARK [3][-]{subsubsection.3.5.2}{\376\377\0003\000.\0005\000.\0002\000\040\000M\000e\000m\000b\000e\000r\000\040\000E\000n\000u\000m\000e\000r\000a\000t\000i\000o\000n\000\040\000D\000o\000c\000u\000m\000e\000n\000t\000a\000t\000i\000o\000n}{subsection.3.5}% 29
\BOOKMARK [3][-]{subsubsection.3.5.3}{\376\377\0003\000.\0005\000.\0003\000\040\000C\000o\000n\000s\000t\000r\000u\000c\000t\000o\000r\000\040\000\046\000\040\000D\000e\000s\000t\000r\000u\000c\000t\000o\000r\000\040\000D\000o\000c\000u\000m\000e\000n\000t\000a\000t\000i\000o\000n}{subsection.3.5}% 30
\BOOKMARK [3][-]{subsubsection.3.5.4}{\376\377\0003\000.\0005\000.\0004\000\040\000M\000e\000m\000b\000e\000r\000\040\000F\000u\000n\000c\000t\000i\000o\000n\000\040\000D\000o\000c\000u\000m\000e\000n\000t\000a\000t\000i\000o\000n}{subsection.3.5}% 31
\BOOKMARK [3][-]{subsubsection.3.5.5}{\376\377\0003\000.\0005\000.\0005\000\040\000M\000e\000m\000b\000e\000r\000\040\000D\000a\000t\000a\000\040\000D\000o\000c\000u\000m\000e\000n\000t\000a\000t\000i\000o\000n}{subsection.3.5}% 32
\BOOKMARK [2][-]{subsection.3.6}{\376\377\0003\000.\0006\000\040\000M\000e\000n\000u\000\040\000C\000l\000a\000s\000s\000\040\000R\000e\000f\000e\000r\000e\000n\000c\000e}{section.3}% 33
\BOOKMARK [3][-]{subsubsection.3.6.1}{\376\377\0003\000.\0006\000.\0001\000\040\000D\000e\000t\000a\000i\000l\000e\000d\000\040\000D\000e\000s\000c\000r\000i\000p\000t\000i\000o\000n}{subsection.3.6}% 34
\BOOKMARK [3][-]{subsubsection.3.6.2}{\376\377\0003\000.\0006\000.\0002\000\040\000M\000e\000m\000b\000e\000r\000\040\000F\000u\000n\000c\000t\000i\000o\000n\000\040\000D\000o\000c\000u\000m\000e\000n\000t\000a\000t\000i\000o\000n}{subsection.3.6}% 35
\BOOKMARK [2][-]{subsection.3.7}{\376\377\0003\000.\0007\000\040\000r\000M\000a\000t\000r\000i\000x\000\040\000C\000l\000a\000s\000s\000\040\000R\000e\000f\000e\000r\000e\000n\000c\000e}{section.3}% 36
\BOOKMARK [3][-]{subsubsection.3.7.1}{\376\377\0003\000.\0007\000.\0001\000\040\000D\000e\000t\000a\000i\000l\000e\000d\000\040\000D\000e\000s\000c\000r\000i\000p\000t\000i\000o\000n}{subsection.3.7}% 37
\BOOKMARK [3][-]{subsubsection.3.7.2}{\376\377\0003\000.\0007\000.\0002\000\040\000C\000o\000n\000s\000t\000r\000u\000c\000t\000o\000r\000\040\000\046\000\040\000D\000e\000s\000t\000r\000u\000c\000t\000o\000r\000\040\000D\000o\000c\000u\000m\000e\000n\000t\000a\000t\000i\000o\000n}{subsection.3.7}% 38
\BOOKMARK [3][-]{subsubsection.3.7.3}{\376\377\0003\000.\0007\000.\0003\000\040\000M\000e\000m\000b\000e\000r\000\040\000F\000u\000n\000c\000t\000i\000o\000n\000\040\000D\000o\000c\000u\000m\000e\000n\000t\000a\000t\000i\000o\000n}{subsection.3.7}% 39
\BOOKMARK [2][-]{subsection.3.8}{\376\377\0003\000.\0008\000\040\000S\000i\000m\000u\000l\000a\000t\000o\000r\000\040\000C\000l\000a\000s\000s\000\040\000R\000e\000f\000e\000r\000e\000n\000c\000e}{section.3}% 40
\BOOKMARK [3][-]{subsubsection.3.8.1}{\376\377\0003\000.\0008\000.\0001\000\040\000D\000e\000t\000a\000i\000l\000e\000d\000\040\000D\000e\000s\000c\000r\000i\000p\000t\000i\000o\000n}{subsection.3.8}% 41
\BOOKMARK [3][-]{subsubsection.3.8.2}{\376\377\0003\000.\0008\000.\0002\000\040\000M\000e\000m\000b\000e\000r\000\040\000F\000u\000n\000c\000t\000i\000o\000n\000\040\000D\000o\000c\000u\000m\000e\000n\000t\000a\000t\000i\000o\000n}{subsection.3.8}% 42
\BOOKMARK [2][-]{subsection.3.9}{\376\377\0003\000.\0009\000\040\000t\000M\000a\000t\000r\000i\000x\000\040\000C\000l\000a\000s\000s\000\040\000R\000e\000f\000e\000r\000e\000n\000c\000e}{section.3}% 43
\BOOKMARK [3][-]{subsubsection.3.9.1}{\376\377\0003\000.\0009\000.\0001\000\040\000D\000e\000t\000a\000i\000l\000e\000d\000\040\000D\000e\000s\000c\000r\000i\000p\000t\000i\000o\000n}{subsection.3.9}% 44
\BOOKMARK [3][-]{subsubsection.3.9.2}{\376\377\0003\000.\0009\000.\0002\000\040\000C\000o\000n\000s\000t\000r\000u\000c\000t\000o\000r\000\040\000\046\000\040\000D\000e\000s\000t\000r\000u\000c\000t\000o\000r\000\040\000D\000o\000c\000u\000m\000e\000n\000t\000a\000t\000i\000o\000n}{subsection.3.9}% 45
\BOOKMARK [3][-]{subsubsection.3.9.3}{\376\377\0003\000.\0009\000.\0003\000\040\000M\000e\000m\000b\000e\000r\000\040\000F\000u\000n\000c\000t\000i\000o\000n\000\040\000D\000o\000c\000u\000m\000e\000n\000t\000a\000t\000i\000o\000n}{subsection.3.9}% 46
\BOOKMARK [3][-]{subsubsection.3.9.4}{\376\377\0003\000.\0009\000.\0004\000\040\000M\000e\000m\000b\000e\000r\000\040\000D\000a\000t\000a\000\040\000D\000o\000c\000u\000m\000e\000n\000t\000a\000t\000i\000o\000n}{subsection.3.9}% 47
\BOOKMARK [1][-]{section.4}{\376\377\0004\000\040\000F\000i\000l\000e\000\040\000D\000o\000c\000u\000m\000e\000n\000t\000a\000t\000i\000o\000n}{}% 48
\BOOKMARK [2][-]{subsection.4.1}{\376\377\0004\000.\0001\000\040\000A\000b\000s\000t\000r\000a\000c\000t\000M\000a\000t\000r\000i\000x\000.\000h\000\040\000F\000i\000l\000e\000\040\000R\000e\000f\000e\000r\000e\000n\000c\000e}{section.4}% 49
\BOOKMARK [3][-]{subsubsection.4.1.1}{\376\377\0004\000.\0001\000.\0001\000\040\000D\000e\000t\000a\000i\000l\000e\000d\000\040\000D\000e\000s\000c\000r\000i\000p\000t\000i\000o\000n}{subsection.4.1}% 50
\BOOKMARK [2][-]{subsection.4.2}{\376\377\0004\000.\0002\000\040\000D\000i\000s\000p\000l\000a\000y\000e\000r\000.\000h\000\040\000F\000i\000l\000e\000\040\000R\000e\000f\000e\000r\000e\000n\000c\000e}{section.4}% 51
\BOOKMARK [3][-]{subsubsection.4.2.1}{\376\377\0004\000.\0002\000.\0001\000\040\000D\000e\000t\000a\000i\000l\000e\000d\000\040\000D\000e\000s\000c\000r\000i\000p\000t\000i\000o\000n}{subsection.4.2}% 52
\BOOKMARK [2][-]{subsection.4.3}{\376\377\0004\000.\0003\000\040\000F\000i\000l\000e\000C\000o\000o\000r\000d\000i\000n\000a\000t\000o\000r\000.\000h\000\040\000F\000i\000l\000e\000\040\000R\000e\000f\000e\000r\000e\000n\000c\000e}{section.4}% 53
\BOOKMARK [3][-]{subsubsection.4.3.1}{\376\377\0004\000.\0003\000.\0001\000\040\000D\000e\000t\000a\000i\000l\000e\000d\000\040\000D\000e\000s\000c\000r\000i\000p\000t\000i\000o\000n}{subsection.4.3}% 54
\BOOKMARK [2][-]{subsection.4.4}{\376\377\0004\000.\0004\000\040\000I\000n\000t\000e\000r\000a\000c\000t\000o\000r\000.\000h\000\040\000F\000i\000l\000e\000\040\000R\000e\000f\000e\000r\000e\000n\000c\000e}{section.4}% 55
\BOOKMARK [3][-]{subsubsection.4.4.1}{\376\377\0004\000.\0004\000.\0001\000\040\000D\000e\000t\000a\000i\000l\000e\000d\000\040\000D\000e\000s\000c\000r\000i\000p\000t\000i\000o\000n}{subsection.4.4}% 56
\BOOKMARK [2][-]{subsection.4.5}{\376\377\0004\000.\0005\000\040\000I\000t\000e\000r\000a\000t\000o\000r\000.\000h\000\040\000F\000i\000l\000e\000\040\000R\000e\000f\000e\000r\000e\000n\000c\000e}{section.4}% 57
\BOOKMARK [3][-]{subsubsection.4.5.1}{\376\377\0004\000.\0005\000.\0001\000\040\000D\000e\000t\000a\000i\000l\000e\000d\000\040\000D\000e\000s\000c\000r\000i\000p\000t\000i\000o\000n}{subsection.4.5}% 58
\BOOKMARK [2][-]{subsection.4.6}{\376\377\0004\000.\0006\000\040\000M\000e\000n\000u\000.\000h\000\040\000F\000i\000l\000e\000\040\000R\000e\000f\000e\000r\000e\000n\000c\000e}{section.4}% 59
\BOOKMARK [3][-]{subsubsection.4.6.1}{\376\377\0004\000.\0006\000.\0001\000\040\000D\000e\000t\000a\000i\000l\000e\000d\000\040\000D\000e\000s\000c\000r\000i\000p\000t\000i\000o\000n}{subsection.4.6}% 60
\BOOKMARK [2][-]{subsection.4.7}{\376\377\0004\000.\0007\000\040\000r\000M\000a\000t\000r\000i\000x\000.\000h\000\040\000F\000i\000l\000e\000\040\000R\000e\000f\000e\000r\000e\000n\000c\000e}{section.4}% 61
\BOOKMARK [3][-]{subsubsection.4.7.1}{\376\377\0004\000.\0007\000.\0001\000\040\000D\000e\000t\000a\000i\000l\000e\000d\000\040\000D\000e\000s\000c\000r\000i\000p\000t\000i\000o\000n}{subsection.4.7}% 62
\BOOKMARK [2][-]{subsection.4.8}{\376\377\0004\000.\0008\000\040\000S\000i\000m\000u\000l\000a\000t\000o\000r\000.\000h\000\040\000F\000i\000l\000e\000\040\000R\000e\000f\000e\000r\000e\000n\000c\000e}{section.4}% 63
\BOOKMARK [3][-]{subsubsection.4.8.1}{\376\377\0004\000.\0008\000.\0001\000\040\000D\000e\000t\000a\000i\000l\000e\000d\000\040\000D\000e\000s\000c\000r\000i\000p\000t\000i\000o\000n}{subsection.4.8}% 64
\BOOKMARK [2][-]{subsection.4.9}{\376\377\0004\000.\0009\000\040\000t\000M\000a\000t\000r\000i\000x\000.\000h\000\040\000F\000i\000l\000e\000\040\000R\000e\000f\000e\000r\000e\000n\000c\000e}{section.4}% 65
\BOOKMARK [3][-]{subsubsection.4.9.1}{\376\377\0004\000.\0009\000.\0001\000\040\000D\000e\000t\000a\000i\000l\000e\000d\000\040\000D\000e\000s\000c\000r\000i\000p\000t\000i\000o\000n}{subsection.4.9}% 66
\BOOKMARK [1][-]{section*.42}{\376\377\000I\000n\000d\000e\000x}{}% 67
